0 info it worked if it ends with ok
1 verbose cli [ '/usr/local/bin/node',
1 verbose cli   '/usr/local/bin/npm',
1 verbose cli   'install',
1 verbose cli   '--save-dev',
1 verbose cli   '@types/hammerjs' ]
2 info using npm@2.15.9
3 info using node@v4.6.0
4 verbose install initial load of /Users/josecullen/projects/music-chords/package.json
5 verbose installManyTop reading scoped package data from /Users/josecullen/projects/music-chords/node_modules/angular-in-memory-web-api/package.json
6 verbose installManyTop reading scoped package data from /Users/josecullen/projects/music-chords/node_modules/body-parser/package.json
7 verbose installManyTop reading scoped package data from /Users/josecullen/projects/music-chords/node_modules/canonical-path/package.json
8 verbose installManyTop reading scoped package data from /Users/josecullen/projects/music-chords/node_modules/concurrently/package.json
9 verbose installManyTop reading scoped package data from /Users/josecullen/projects/music-chords/node_modules/cookie-parser/package.json
10 verbose installManyTop reading scoped package data from /Users/josecullen/projects/music-chords/node_modules/core-js/package.json
11 verbose installManyTop reading scoped package data from /Users/josecullen/projects/music-chords/node_modules/debug/package.json
12 verbose installManyTop reading scoped package data from /Users/josecullen/projects/music-chords/node_modules/express/package.json
13 verbose installManyTop reading scoped package data from /Users/josecullen/projects/music-chords/node_modules/hammerjs/package.json
14 verbose installManyTop reading scoped package data from /Users/josecullen/projects/music-chords/node_modules/http-server/package.json
15 verbose installManyTop reading scoped package data from /Users/josecullen/projects/music-chords/node_modules/jade/package.json
16 verbose installManyTop reading scoped package data from /Users/josecullen/projects/music-chords/node_modules/jasmine-core/package.json
17 verbose installManyTop reading scoped package data from /Users/josecullen/projects/music-chords/node_modules/karma/package.json
18 verbose installManyTop reading scoped package data from /Users/josecullen/projects/music-chords/node_modules/karma-chrome-launcher/package.json
19 verbose installManyTop reading scoped package data from /Users/josecullen/projects/music-chords/node_modules/karma-cli/package.json
20 verbose installManyTop reading scoped package data from /Users/josecullen/projects/music-chords/node_modules/karma-jasmine/package.json
21 verbose installManyTop reading scoped package data from /Users/josecullen/projects/music-chords/node_modules/karma-jasmine-html-reporter/package.json
22 verbose installManyTop reading scoped package data from /Users/josecullen/projects/music-chords/node_modules/lite-server/package.json
23 verbose installManyTop reading scoped package data from /Users/josecullen/projects/music-chords/node_modules/lodash/package.json
24 verbose installManyTop reading scoped package data from /Users/josecullen/projects/music-chords/node_modules/mongoose/package.json
25 verbose installManyTop reading scoped package data from /Users/josecullen/projects/music-chords/node_modules/morgan/package.json
26 verbose installManyTop reading scoped package data from /Users/josecullen/projects/music-chords/node_modules/protractor/package.json
27 verbose installManyTop reading scoped package data from /Users/josecullen/projects/music-chords/node_modules/q/package.json
28 verbose installManyTop reading scoped package data from /Users/josecullen/projects/music-chords/node_modules/reflect-metadata/package.json
29 verbose installManyTop reading scoped package data from /Users/josecullen/projects/music-chords/node_modules/rimraf/package.json
30 verbose installManyTop reading scoped package data from /Users/josecullen/projects/music-chords/node_modules/rxjs/package.json
31 verbose installManyTop reading scoped package data from /Users/josecullen/projects/music-chords/node_modules/serve-favicon/package.json
32 verbose installManyTop reading scoped package data from /Users/josecullen/projects/music-chords/node_modules/systemjs/package.json
33 verbose installManyTop reading scoped package data from /Users/josecullen/projects/music-chords/node_modules/tslint/package.json
34 verbose installManyTop reading scoped package data from /Users/josecullen/projects/music-chords/node_modules/typescript/package.json
35 verbose installManyTop reading scoped package data from /Users/josecullen/projects/music-chords/node_modules/webdriver-manager/package.json
36 verbose installManyTop reading scoped package data from /Users/josecullen/projects/music-chords/node_modules/zone.js/package.json
37 verbose installManyTop reading scoped package data from /Users/josecullen/projects/music-chords/node_modules/@types/jasmine/package.json
38 verbose installManyTop reading scoped package data from /Users/josecullen/projects/music-chords/node_modules/@types/node/package.json
39 verbose installManyTop reading scoped package data from /Users/josecullen/projects/music-chords/node_modules/@types/selenium-webdriver/package.json
40 verbose installManyTop reading scoped package data from /Users/josecullen/projects/music-chords/node_modules/@angular/common/package.json
41 verbose installManyTop reading scoped package data from /Users/josecullen/projects/music-chords/node_modules/@angular/compiler/package.json
42 verbose installManyTop reading scoped package data from /Users/josecullen/projects/music-chords/node_modules/@angular/core/package.json
43 verbose installManyTop reading scoped package data from /Users/josecullen/projects/music-chords/node_modules/@angular/flex-layout/package.json
44 verbose installManyTop reading scoped package data from /Users/josecullen/projects/music-chords/node_modules/@angular/forms/package.json
45 verbose installManyTop reading scoped package data from /Users/josecullen/projects/music-chords/node_modules/@angular/http/package.json
46 verbose installManyTop reading scoped package data from /Users/josecullen/projects/music-chords/node_modules/@angular/material/package.json
47 verbose installManyTop reading scoped package data from /Users/josecullen/projects/music-chords/node_modules/@angular/platform-browser/package.json
48 verbose installManyTop reading scoped package data from /Users/josecullen/projects/music-chords/node_modules/@angular/platform-browser-dynamic/package.json
49 verbose installManyTop reading scoped package data from /Users/josecullen/projects/music-chords/node_modules/@angular/router/package.json
50 info package.json q@1.4.1 license should be a valid SPDX license expression
51 verbose readDependencies loading dependencies from /Users/josecullen/projects/music-chords/package.json
52 silly cache add args [ '@types/hammerjs', null ]
53 verbose cache add spec @types/hammerjs
54 silly cache add parsed spec Result {
54 silly cache add   raw: '@types/hammerjs',
54 silly cache add   scope: '@types',
54 silly cache add   name: '@types/hammerjs',
54 silly cache add   rawSpec: '',
54 silly cache add   spec: 'latest',
54 silly cache add   type: 'tag' }
55 silly addNamed @types/hammerjs@latest
56 verbose addNamed "latest" is being treated as a dist-tag for @types/hammerjs
57 info addNameTag [ '@types/hammerjs', 'latest' ]
58 silly mapToRegistry name @types/hammerjs
59 silly mapToRegistry scope (from package name) @types
60 verbose mapToRegistry no registry URL found in name for scope @types
61 silly mapToRegistry using default registry
62 silly mapToRegistry registry https://registry.npmjs.org/
63 silly mapToRegistry data Result {
63 silly mapToRegistry   raw: '@types/hammerjs',
63 silly mapToRegistry   scope: '@types',
63 silly mapToRegistry   name: '@types/hammerjs',
63 silly mapToRegistry   rawSpec: '',
63 silly mapToRegistry   spec: 'latest',
63 silly mapToRegistry   type: 'tag' }
64 silly mapToRegistry uri https://registry.npmjs.org/@types%2fhammerjs
65 verbose addNameTag registry:https://registry.npmjs.org/@types%2fhammerjs not in flight; fetching
66 verbose request uri https://registry.npmjs.org/@types%2fhammerjs
67 verbose request no auth needed
68 info attempt registry request try #1 at 2:35:07 PM
69 verbose request using bearer token for auth
70 verbose request id 96a3442aa7ab9fc7
71 verbose etag "E4OOBA6YLPJNCIIYT7UIYNV5V"
72 http request GET https://registry.npmjs.org/@types%2fhammerjs
73 http 200 https://registry.npmjs.org/@types%2fhammerjs
74 verbose headers { server: 'CouchDB/1.5.0 (Erlang OTP/R16B03)',
74 verbose headers   'content-type': 'application/json',
74 verbose headers   etag: '"58598a3a-3fd4"',
74 verbose headers   'content-encoding': 'gzip',
74 verbose headers   'cache-control': 'max-age=0',
74 verbose headers   'transfer-encoding': 'chunked',
74 verbose headers   'accept-ranges': 'bytes',
74 verbose headers   date: 'Sat, 24 Dec 2016 19:35:08 GMT',
74 verbose headers   via: '1.1 varnish',
74 verbose headers   connection: 'keep-alive',
74 verbose headers   'x-served-by': 'cache-atl6231-ATL',
74 verbose headers   'x-cache': 'MISS',
74 verbose headers   'x-cache-hits': '0',
74 verbose headers   'x-timer': 'S1482608108.422464,VS0,VE212',
74 verbose headers   vary: 'Accept-Encoding' }
75 silly get cb [ 200,
75 silly get   { server: 'CouchDB/1.5.0 (Erlang OTP/R16B03)',
75 silly get     'content-type': 'application/json',
75 silly get     etag: '"58598a3a-3fd4"',
75 silly get     'content-encoding': 'gzip',
75 silly get     'cache-control': 'max-age=0',
75 silly get     'transfer-encoding': 'chunked',
75 silly get     'accept-ranges': 'bytes',
75 silly get     date: 'Sat, 24 Dec 2016 19:35:08 GMT',
75 silly get     via: '1.1 varnish',
75 silly get     connection: 'keep-alive',
75 silly get     'x-served-by': 'cache-atl6231-ATL',
75 silly get     'x-cache': 'MISS',
75 silly get     'x-cache-hits': '0',
75 silly get     'x-timer': 'S1482608108.422464,VS0,VE212',
75 silly get     vary: 'Accept-Encoding' } ]
76 verbose get saving @types/hammerjs to /Users/josecullen/.npm/registry.npmjs.org/_40types_252fhammerjs/.cache.json
77 verbose correctMkdir /Users/josecullen/.npm correctMkdir not in flight; initializing
78 silly addNameTag next cb for @types/hammerjs with tag latest
79 silly addNamed @types/hammerjs@2.0.33
80 verbose addNamed "2.0.33" is a plain semver version for @types/hammerjs
81 silly cache afterAdd @types/hammerjs@2.0.33
82 verbose afterAdd /Users/josecullen/.npm/@types/hammerjs/2.0.33/package/package.json not in flight; writing
83 verbose correctMkdir /Users/josecullen/.npm correctMkdir not in flight; initializing
84 verbose afterAdd /Users/josecullen/.npm/@types/hammerjs/2.0.33/package/package.json written
85 silly install resolved [ { name: '@types/hammerjs',
85 silly install resolved     version: '2.0.33',
85 silly install resolved     description: 'TypeScript definitions for Hammer.js 2.0.8',
85 silly install resolved     license: 'MIT',
85 silly install resolved     author:
85 silly install resolved      { name: 'Philip Bulley',
85 silly install resolved        email: 'https://github.com/milkisevil/' },
85 silly install resolved     main: '',
85 silly install resolved     repository:
85 silly install resolved      { type: 'git',
85 silly install resolved        url: 'https://www.github.com/DefinitelyTyped/DefinitelyTyped.git' },
85 silly install resolved     scripts: {},
85 silly install resolved     dependencies: {},
85 silly install resolved     typings: 'index.d.ts',
85 silly install resolved     typesPublisherContentHash: 'bb313cf173f50bf41f745dfb89f7d35fb1e7e6af9f2faa98eb5a62cec89b816e',
85 silly install resolved     _id: '@types/hammerjs@2.0.33',
85 silly install resolved     dist:
85 silly install resolved      { shasum: '45f57352474181425bb4b65f7313a60426d54bab',
85 silly install resolved        tarball: 'https://registry.npmjs.org/@types/hammerjs/-/hammerjs-2.0.33.tgz' },
85 silly install resolved     maintainers: [ [Object] ],
85 silly install resolved     _npmUser: { name: 'types', email: 'ts-npm-types@microsoft.com' },
85 silly install resolved     _npmOperationalInternal:
85 silly install resolved      { host: 'packages-12-west.internal.npmjs.com',
85 silly install resolved        tmp: 'tmp/hammerjs-2.0.33.tgz_1474306706536_0.516965260496363' },
85 silly install resolved     directories: {},
85 silly install resolved     _shasum: '45f57352474181425bb4b65f7313a60426d54bab',
85 silly install resolved     _resolved: 'https://registry.npmjs.org/@types/hammerjs/-/hammerjs-2.0.33.tgz',
85 silly install resolved     _from: '@types/hammerjs@latest',
85 silly install resolved     readme: 'ERROR: No README data found!' } ]
86 info install @types/hammerjs@2.0.33 into /Users/josecullen/projects/music-chords
87 info installOne @types/hammerjs@2.0.33
88 verbose installOne of @types/hammerjs to /Users/josecullen/projects/music-chords not in flight; installing
89 verbose correctMkdir /Users/josecullen/.npm/_locks correctMkdir not in flight; initializing
90 verbose lock using /Users/josecullen/.npm/_locks/types-hammerjs-9907b8d63f9ec7f4.lock for /Users/josecullen/projects/music-chords/node_modules/@types/hammerjs
91 silly install write writing @types/hammerjs 2.0.33 to /Users/josecullen/projects/music-chords/node_modules/@types/hammerjs
92 verbose unbuild node_modules/@types/hammerjs
93 silly gentlyRm /Users/josecullen/projects/music-chords/node_modules/@types/hammerjs is being purged from base /Users/josecullen/projects/music-chords
94 verbose gentlyRm don't care about contents; nuking /Users/josecullen/projects/music-chords/node_modules/@types/hammerjs
95 verbose tar unpack /Users/josecullen/.npm/@types/hammerjs/2.0.33/package.tgz
96 verbose tar unpacking to /Users/josecullen/projects/music-chords/node_modules/@types/hammerjs
97 silly gentlyRm /Users/josecullen/projects/music-chords/node_modules/@types/hammerjs is being purged
98 verbose gentlyRm don't care about contents; nuking /Users/josecullen/projects/music-chords/node_modules/@types/hammerjs
99 silly gunzTarPerm modes [ '755', '644' ]
100 silly gunzTarPerm extractEntry README.md
101 silly gunzTarPerm extractEntry index.d.ts
102 silly gunzTarPerm extractEntry package.json
103 silly gunzTarPerm extractEntry types-metadata.json
104 verbose write writing to /Users/josecullen/projects/music-chords/node_modules/@types/hammerjs/package.json
105 info preinstall @types/hammerjs@2.0.33
106 verbose readDependencies loading dependencies from /Users/josecullen/projects/music-chords/node_modules/@types/hammerjs/package.json
107 verbose readDependencies loading dependencies from /Users/josecullen/projects/music-chords/node_modules/@types/hammerjs/package.json
108 silly install resolved []
109 verbose about to build /Users/josecullen/projects/music-chords/node_modules/@types/hammerjs
110 info build /Users/josecullen/projects/music-chords/node_modules/@types/hammerjs
111 info linkStuff @types/hammerjs@2.0.33
112 silly linkStuff @types/hammerjs@2.0.33 has /Users/josecullen/projects/music-chords/node_modules as its parent node_modules
113 verbose linkBins @types/hammerjs@2.0.33
114 verbose linkMans @types/hammerjs@2.0.33
115 verbose rebuildBundles @types/hammerjs@2.0.33
116 info install @types/hammerjs@2.0.33
117 info postinstall @types/hammerjs@2.0.33
118 verbose unlock done using /Users/josecullen/.npm/_locks/types-hammerjs-9907b8d63f9ec7f4.lock for /Users/josecullen/projects/music-chords/node_modules/@types/hammerjs
119 verbose validateInstall loading /Users/josecullen/projects/music-chords/package.json for validation
120 verbose stack Error: The package @angular/common@2.4.1 does not satisfy its siblings' peerDependencies requirements!
120 verbose stack     at /usr/local/lib/node_modules/npm/lib/install.js:125:32
120 verbose stack     at /usr/local/lib/node_modules/npm/lib/install.js:268:7
120 verbose stack     at /usr/local/lib/node_modules/npm/node_modules/read-installed/read-installed.js:142:5
120 verbose stack     at /usr/local/lib/node_modules/npm/node_modules/read-installed/read-installed.js:263:14
120 verbose stack     at cb (/usr/local/lib/node_modules/npm/node_modules/slide/lib/async-map.js:47:24)
120 verbose stack     at /usr/local/lib/node_modules/npm/node_modules/read-installed/read-installed.js:263:14
120 verbose stack     at cb (/usr/local/lib/node_modules/npm/node_modules/slide/lib/async-map.js:47:24)
120 verbose stack     at /usr/local/lib/node_modules/npm/node_modules/read-installed/read-installed.js:263:14
120 verbose stack     at cb (/usr/local/lib/node_modules/npm/node_modules/slide/lib/async-map.js:47:24)
120 verbose stack     at /usr/local/lib/node_modules/npm/node_modules/read-installed/read-installed.js:263:14
121 verbose cwd /Users/josecullen/projects/music-chords
122 error Darwin 16.1.0
123 error argv "/usr/local/bin/node" "/usr/local/bin/npm" "install" "--save-dev" "@types/hammerjs"
124 error node v4.6.0
125 error npm  v2.15.9
126 error code EPEERINVALID
127 error peerinvalid The package @angular/common@2.4.1 does not satisfy its siblings' peerDependencies requirements!
127 error peerinvalid Peer @angular/forms@2.4.1 wants @angular/common@2.4.1
127 error peerinvalid Peer @angular/material@2.0.0-beta.1 wants @angular/common@^2.2.0
127 error peerinvalid Peer @angular/platform-browser@2.4.1 wants @angular/common@2.4.1
127 error peerinvalid Peer @angular/platform-browser-dynamic@2.4.1 wants @angular/common@2.4.1
127 error peerinvalid Peer @angular/router@3.4.1 wants @angular/common@2.4.1
127 error peerinvalid Peer @angular/flex-layout@2.0.0-beta.1 wants @angular/common@~2.2.3
128 verbose exit [ 1, true ]
